TN:
SF:script/DeployLiteswap.s.sol
DA:9,0
FN:9,DeployLiteswap.run
FNDA:0,DeployLiteswap.run
DA:11,0
DA:14,0
DA:17,0
DA:18,0
DA:21,0
DA:24,0
DA:25,0
FNF:1
FNH:0
LF:8
LH:0
BRF:0
BRH:0
end_of_record
TN:
SF:script/Liteswap.s.sol
DA:10,0
FN:10,LiteswapScript.setUp
FNDA:0,LiteswapScript.setUp
DA:12,0
FN:12,LiteswapScript.run
FNDA:0,LiteswapScript.run
DA:13,0
DA:15,0
DA:17,0
FNF:2
FNH:0
LF:5
LH:0
BRF:0
BRH:0
end_of_record
TN:
SF:src/Liteswap.sol
DA:113,12
FN:113,Liteswap.constructor
FNDA:12,Liteswap.constructor
DA:114,12
DA:130,533
FN:130,Liteswap.initializePair
FNDA:533,Liteswap.initializePair
DA:133,533
BRDA:133,0,0,-
DA:134,533
BRDA:134,1,0,-
DA:135,533
BRDA:135,2,0,-
DA:138,533
DA:139,533
DA:141,533
BRDA:141,3,0,-
DA:143,533
DA:144,533
DA:147,533
DA:148,533
DA:151,533
BRDA:151,4,0,-
DA:152,533
BRDA:152,5,0,-
DA:155,533
DA:156,533
DA:158,533
BRDA:158,6,0,-
DA:161,533
DA:162,533
BRDA:162,7,0,-
DA:163,533
DA:165,533
DA:174,533
DA:175,533
DA:176,533
DA:177,0
DA:191,0
FN:191,Liteswap.addLiquidity
FNDA:0,Liteswap.addLiquidity
DA:194,0
DA:195,0
BRDA:195,8,0,-
DA:196,0
BRDA:196,9,0,-
DA:199,0
DA:200,0
BRDA:200,10,0,-
DA:203,0
DA:204,0
DA:206,0
BRDA:206,11,0,-
DA:207,0
BRDA:207,12,0,-
DA:210,0
DA:211,0
DA:213,0
BRDA:213,13,0,-
DA:216,0
DA:217,0
BRDA:217,14,0,-
DA:219,0
DA:220,0
DA:222,0
DA:223,0
DA:233,0
FN:233,Liteswap.removeLiquidity
FNDA:0,Liteswap.removeLiquidity
DA:236,0
BRDA:236,15,0,-
DA:238,0
DA:239,0
BRDA:239,16,0,-
DA:240,0
BRDA:240,17,0,-
DA:242,0
DA:245,0
DA:246,0
DA:247,0
BRDA:247,18,0,-
DA:250,0
DA:251,0
DA:253,0
DA:254,0
DA:256,0
DA:257,0
DA:268,535
FN:268,Liteswap.swap
FNDA:535,Liteswap.swap
DA:271,535
BRDA:271,19,0,1
DA:272,534
DA:273,534
BRDA:273,20,0,1
DA:274,533
BRDA:274,21,0,-
DA:277,533
DA:278,533
DA:279,533
DA:282,533
DA:285,533
BRDA:285,22,0,-
DA:288,531
DA:289,531
BRDA:289,23,0,-
DA:294,531
DA:296,531
BRDA:296,24,0,1
DA:297,530
BRDA:297,25,0,2
DA:298,528
BRDA:298,26,0,-
DA:301,528
DA:302,528
DA:305,528
DA:306,528
DA:308,528
DA:310,528
DA:312,0
DA:336,0
FN:336,Liteswap.placeLimitOrder
FNDA:0,Liteswap.placeLimitOrder
DA:339,0
DA:340,0
BRDA:340,27,0,-
DA:341,0
BRDA:341,28,0,-
DA:342,0
BRDA:342,29,0,-
DA:345,0
DA:348,0
DA:351,0
BRDA:351,30,0,-
DA:354,0
DA:355,0
BRDA:355,31,0,-
DA:357,0
DA:358,0
DA:359,0
DA:362,0
DA:366,0
BRDA:366,32,0,-
DA:367,0
DA:371,0
DA:372,0
DA:373,0
DA:374,0
DA:375,0
DA:376,0
DA:377,0
DA:378,0
DA:380,0
DA:390,0
DA:414,0
FN:414,Liteswap.fillLimitOrder
FNDA:0,Liteswap.fillLimitOrder
DA:417,0
DA:418,0
BRDA:418,33,0,-
DA:420,0
DA:423,0
BRDA:423,34,0,-
DA:426,0
DA:427,0
BRDA:427,35,0,-
DA:428,0
BRDA:428,36,0,-
DA:431,0
DA:432,0
BRDA:432,37,0,-
DA:435,0
DA:438,0
DA:440,0
DA:441,0
DA:442,0
BRDA:442,38,0,-
DA:443,0
DA:446,0
DA:448,0
DA:464,0
FN:464,Liteswap.cancelLimitOrder
FNDA:0,Liteswap.cancelLimitOrder
DA:466,0
DA:467,0
BRDA:467,39,0,-
DA:468,0
BRDA:468,40,0,-
DA:469,0
DA:470,0
DA:471,0
DA:472,0
DA:474,0
DA:480,1599
FN:480,Liteswap._transferTokens
FNDA:1599,Liteswap._transferTokens
DA:483,1599
DA:484,1597
DA:491,528
FN:491,Liteswap._updateReserves
FNDA:528,Liteswap._updateReserves
DA:493,528
DA:494,528
DA:495,528
DA:502,533
FN:502,Liteswap._mintShares
FNDA:533,Liteswap._mintShares
DA:504,533
DA:505,533
DA:506,533
DA:507,533
DA:514,0
FN:514,Liteswap._burnShares
FNDA:0,Liteswap._burnShares
DA:516,0
DA:517,0
DA:518,0
BRDA:518,41,0,-
DA:519,0
DA:521,0
DA:528,533
FN:528,Liteswap._sqrt
FNDA:533,Liteswap._sqrt
DA:531,533
BRDA:531,42,0,533
BRDA:531,42,1,-
DA:532,533
DA:533,533
DA:534,45316
DA:535,44783
DA:536,44783
DA:538,0
BRDA:538,43,0,-
DA:539,0
DA:552,0
FN:552,Liteswap.getPairId
FNDA:0,Liteswap.getPairId
DA:555,0
DA:558,0
DA:569,0
FN:569,Liteswap.getPairInfo
FNDA:0,Liteswap.getPairInfo
DA:572,0
DA:573,0
DA:583,0
FN:583,Liteswap.getUserShareBps
FNDA:0,Liteswap.getUserShareBps
DA:586,0
DA:587,0
DA:588,0
DA:589,0
FNF:16
FNH:7
LF:174
LH:66
BRF:45
BRH:5
end_of_record
TN:
SF:test/Liteswap.t.sol
DA:22,12
FN:22,SetUp.setUp
FNDA:12,SetUp.setUp
DA:24,12
DA:25,12
DA:26,12
DA:27,12
DA:30,12
DA:31,12
DA:32,12
DA:35,12
DA:36,12
DA:37,12
DA:38,12
DA:40,12
DA:41,12
DA:42,12
DA:43,12
DA:46,0
FN:46,SetUp._initializePair
FNDA:0,SetUp._initializePair
DA:47,0
DA:48,0
DA:50,0
DA:51,0
DA:53,0
DA:54,0
FNF:2
FNH:1
LF:23
LH:16
BRF:0
BRH:0
end_of_record
TN:
SF:test/TestERC20.sol
DA:9,96
FN:9,TestERC20.mint
FNDA:96,TestERC20.mint
DA:10,96
DA:23,0
FN:23,TestERC20Factory.constructor
FNDA:0,TestERC20Factory.constructor
DA:24,0
DA:25,0
DA:26,0
DA:27,0
DA:28,0
DA:31,0
FN:31,TestERC20Factory.faucet
FNDA:0,TestERC20Factory.faucet
DA:32,0
DA:33,0
DA:34,0
DA:35,0
DA:36,0
DA:46,0
FN:46,TestFeeOnTransferERC20.mint
FNDA:0,TestFeeOnTransferERC20.mint
DA:47,0
DA:50,0
FN:50,TestFeeOnTransferERC20._update
FNDA:0,TestFeeOnTransferERC20._update
DA:55,0
BRDA:55,0,0,-
BRDA:55,0,1,-
DA:56,0
DA:57,0
DA:58,0
DA:60,0
FNF:5
FNH:1
LF:22
LH:2
BRF:2
BRH:0
end_of_record
